<?xml version="1.0" encoding="UTF-8"?>
<testng-results ignored="0" total="1" passed="1" failed="0" skipped="0">
  <reporter-output>
  </reporter-output>
  <suite started-at="2025-04-30T13:18:38 IST" name="Default suite" finished-at="2025-04-30T13:18:45 IST" duration-ms="6506">
    <groups>
    </groups>
    <test started-at="2025-04-30T13:18:38 IST" name="Default test" finished-at="2025-04-30T13:18:45 IST" duration-ms="6506">
      <class name="Practice12.new1">
        <test-method signature="sample()[pri:0, instance:Practice12.new1@35cabb2a]" started-at="2025-04-30T13:18:38 IST" name="sample" finished-at="2025-04-30T13:18:45 IST" duration-ms="6431" status="PASS">
          <reporter-output>
          </reporter-output>
        </test-method> <!-- sample -->
      </class> <!-- Practice12.new1 -->
    </test> <!-- Default test -->
  </suite> <!-- Default suite -->
</testng-results>
